 
****************************************
Report : area
Design : proj9_top
Version: O-2018.06-SP1
Date   : Fri Nov 22 21:09:22 2024
****************************************

Library(s) Used:

    IBM_CMOS8HP_SS125 (File: /apps/design_kits/ibm_kits/IBM_IP/ibm_cmos8hp/std_cell/sc/v.20110613/synopsys/ss_125/IBM_CMOS8HP_SS125.db)

Number of ports:                          101
Number of nets:                         31190
Number of cells:                        31072
Number of combinational cells:          26894
Number of sequential cells:              4175
Number of macros/black boxes:               0
Number of buf/inv:                      16514
Number of references:                       4

Combinational area:             298533.126383
Buf/Inv area:                   161270.403838
Noncombinational area:          168339.838726
Macro/Black Box area:                0.000000
Net Interconnect area:      undefined  (Wire load has zero net area)

Total cell area:                466872.965109
Total area:                 undefined

Hierarchical area distribution
------------------------------

                                  Global cell area              Local cell area
                                  --------------------  -------------------------------- 
Hierarchical cell                 Absolute     Percent  Combi-       Noncombi-    Black-
                                  Total        Total    national     national     boxes   Design
--------------------------------  -----------  -------  -----------  -----------  ------  --------------
proj9_top                         466872.9651    100.0      11.5200       0.0000  0.0000  proj9_top
cmd_interface                       6297.6000      1.3    3834.2400    2463.3600  0.0000  spi_interface
regi_modu                         460473.6051     98.6  294677.7663  165795.8387  0.0000  register_array
reset_s                               90.2400      0.0       9.6000      80.6400  0.0000  rst_syn
--------------------------------  -----------  -------  -----------  -----------  ------  --------------
Total                                                   298533.1264  168339.8387  0.0000

1
